<?xml version="1.0" encoding="UTF-8"?>
<!-- Generated by org.testng.reporters.JUnitReportReporter -->
<testsuite hostname="INLEN8520067331" failures="0" tests="1" name="com.services.MathServiceImp" time="0.012" errors="0" timestamp="2022-09-22T20:31:28 IST" skipped="0">
  <testcase classname="com.services.MathServiceImp" name="addTest" time="0.012"/>
  <system-out/>
</testsuite> <!-- com.services.MathServiceImp -->
