<?xml version="1.0" encoding="UTF-8"?>
<!-- Generated by org.testng.reporters.JUnitReportReporter -->
<testsuite hostname="INLEN8520067331" failures="0" tests="4" name="com.testcase.TestArithmaticOperation" time="0.010" errors="0" timestamp="2022-09-21T16:55:05 IST" skipped="0">
  <testcase classname="com.testcase.TestArithmaticOperation" name="add" time="0.007"/>
  <system-out/>
  <testcase classname="com.testcase.TestArithmaticOperation" name="sub" time="0.001"/>
  <system-out/>
  <testcase classname="com.testcase.TestArithmaticOperation" name="mul" time="0.001"/>
  <system-out/>
  <testcase classname="com.testcase.TestArithmaticOperation" name="div" time="0.001"/>
  <system-out/>
</testsuite> <!-- com.testcase.TestArithmaticOperation -->
