<?xml version="1.0" encoding="UTF-8"?>
<!-- Generated by org.testng.reporters.JUnitReportReporter -->
<testsuite hostname="INLEN8520067331" failures="0" tests="4" name="com.testcase.DataProviderDemo" time="0.016" errors="0" timestamp="2022-09-22T10:50:49 IST" skipped="0">
  <testcase classname="com.testcase.DataProviderDemo" name="testMe" time="0.011"/>
  <system-out/>
  <testcase classname="com.testcase.DataProviderDemo" name="testMe" time="0.002"/>
  <system-out/>
  <testcase classname="com.testcase.DataProviderDemo" name="testMe" time="0.001"/>
  <system-out/>
  <testcase classname="com.testcase.DataProviderDemo" name="testMe" time="0.002"/>
  <system-out/>
</testsuite> <!-- com.testcase.DataProviderDemo -->
