<?xml version="1.0" encoding="UTF-8"?>
<!-- Generated by org.testng.reporters.JUnitReportReporter -->
<testsuite hostname="INLEN8520067331" failures="0" tests="3" name="com.testcase.DemoOtherAttributes" time="0.017" errors="0" timestamp="2022-09-29T16:09:25 IST" skipped="0">
  <testcase classname="com.testcase.DemoOtherAttributes" name="testRuby" time="0.007"/>
  <system-out/>
  <testcase classname="com.testcase.DemoOtherAttributes" name="testPython" time="0.001"/>
  <system-out/>
  <testcase classname="com.testcase.DemoOtherAttributes" name="testJava" time="0.009"/>
  <system-out/>
</testsuite> <!-- com.testcase.DemoOtherAttributes -->
