<?xml version="1.0" encoding="UTF-8"?>
<!-- Generated by org.testng.reporters.JUnitReportReporter -->
<testsuite hostname="INLEN8520067331" failures="0" tests="5" name="com.testcase.Demo" time="0.013" errors="0" timestamp="2022-09-21T16:18:05 IST" skipped="1">
  <testcase classname="com.testcase.Demo" name="btest" time="0.009"/>
  <system-out/>
  <testcase classname="com.testcase.Demo" name="atest" time="0.000"/>
  <system-out/>
  <testcase classname="com.testcase.Demo" name="atest" time="0.002"/>
  <system-out/>
  <testcase classname="com.testcase.Demo" name="atest" time="0.002"/>
  <system-out/>
  <testcase classname="com.testcase.Demo" name="ctest">
    <skipped/>
  </testcase> <!-- ctest -->
  <system-out/>
</testsuite> <!-- com.testcase.Demo -->
