<?xml version="1.0" encoding="UTF-8"?>
<!-- Generated by org.testng.reporters.JUnitReportReporter -->
<testsuite hostname="INLEN8520067331" failures="0" tests="1" name="com.testcase.DemoAssertions" time="0.018" errors="0" timestamp="2022-09-21T16:05:45 IST" skipped="0">
  <testcase classname="com.testcase.DemoAssertions" name="OpenPage" time="0.018"/>
  <system-out/>
</testsuite> <!-- com.testcase.DemoAssertions -->
